Requirement already satisfied: pytest in ./venv/lib/python3.14/site-packages (9.0.2)
Requirement already satisfied: fastapi>=0.110.0 in ./venv/lib/python3.14/site-packages (from -r requirements.txt (line 1)) (0.135.1)
Requirement already satisfied: uvicorn>=0.29.0 in ./venv/lib/python3.14/site-packages (from uvicorn[standard]>=0.29.0->-r requirements.txt (line 2)) (0.41.0)
Requirement already satisfied: pydantic>=2.7.0 in ./venv/lib/python3.14/site-packages (from -r requirements.txt (line 3)) (2.12.5)
Requirement already satisfied: numpy>=1.26.0 in ./venv/lib/python3.14/site-packages (from -r requirements.txt (line 4)) (2.4.2)
Requirement already satisfied: iniconfig>=1.0.1 in ./venv/lib/python3.14/site-packages (from pytest) (2.3.0)
Requirement already satisfied: packaging>=22 in ./venv/lib/python3.14/site-packages (from pytest) (26.0)
Requirement already satisfied: pluggy<2,>=1.5 in ./venv/lib/python3.14/site-packages (from pytest) (1.6.0)
Requirement already satisfied: pygments>=2.7.2 in ./venv/lib/python3.14/site-packages (from pytest) (2.19.2)
Requirement already satisfied: starlette>=0.46.0 in ./venv/lib/python3.14/site-packages (from fastapi>=0.110.0->-r requirements.txt (line 1)) (0.52.1)
Requirement already satisfied: typing-extensions>=4.8.0 in ./venv/lib/python3.14/site-packages (from fastapi>=0.110.0->-r requirements.txt (line 1)) (4.15.0)
Requirement already satisfied: typing-inspection>=0.4.2 in ./venv/lib/python3.14/site-packages (from fastapi>=0.110.0->-r requirements.txt (line 1)) (0.4.2)
Requirement already satisfied: annotated-doc>=0.0.2 in ./venv/lib/python3.14/site-packages (from fastapi>=0.110.0->-r requirements.txt (line 1)) (0.0.4)
Requirement already satisfied: click>=7.0 in ./venv/lib/python3.14/site-packages (from uvicorn>=0.29.0->uvicorn[standard]>=0.29.0->-r requirements.txt (line 2)) (8.3.1)
Requirement already satisfied: h11>=0.8 in ./venv/lib/python3.14/site-packages (from uvicorn>=0.29.0->uvicorn[standard]>=0.29.0->-r requirements.txt (line 2)) (0.16.0)
Requirement already satisfied: annotated-types>=0.6.0 in ./venv/lib/python3.14/site-packages (from pydantic>=2.7.0->-r requirements.txt (line 3)) (0.7.0)
Requirement already satisfied: pydantic-core==2.41.5 in ./venv/lib/python3.14/site-packages (from pydantic>=2.7.0->-r requirements.txt (line 3)) (2.41.5)
Requirement already satisfied: anyio<5,>=3.6.2 in ./venv/lib/python3.14/site-packages (from starlette>=0.46.0->fastapi>=0.110.0->-r requirements.txt (line 1)) (4.12.1)
Requirement already satisfied: idna>=2.8 in ./venv/lib/python3.14/site-packages (from anyio<5,>=3.6.2->starlette>=0.46.0->fastapi>=0.110.0->-r requirements.txt (line 1)) (3.11)
Requirement already satisfied: httptools>=0.6.3 in ./venv/lib/python3.14/site-packages (from uvicorn[standard]>=0.29.0->-r requirements.txt (line 2)) (0.7.1)
Requirement already satisfied: python-dotenv>=0.13 in ./venv/lib/python3.14/site-packages (from uvicorn[standard]>=0.29.0->-r requirements.txt (line 2)) (1.2.2)
Requirement already satisfied: pyyaml>=5.1 in ./venv/lib/python3.14/site-packages (from uvicorn[standard]>=0.29.0->-r requirements.txt (line 2)) (6.0.3)
Requirement already satisfied: uvloop>=0.15.1 in ./venv/lib/python3.14/site-packages (from uvicorn[standard]>=0.29.0->-r requirements.txt (line 2)) (0.22.1)
Requirement already satisfied: watchfiles>=0.20 in ./venv/lib/python3.14/site-packages (from uvicorn[standard]>=0.29.0->-r requirements.txt (line 2)) (1.1.1)
Requirement already satisfied: websockets>=10.4 in ./venv/lib/python3.14/site-packages (from uvicorn[standard]>=0.29.0->-r requirements.txt (line 2)) (16.0)
